Arguments: 
  /home/AINA/.nvm/versions/node/v16.13.2/bin/node /home/AINA/.nvm/versions/node/v16.13.2/bin/yarn add html-pdf-node

PATH: 
  /home/AINA/.nvm/versions/node/v16.13.2/bin:/home/AINA/.local/bin:/home/AINA/bin:/usr/local/bin:/usr/bin:/bin:/snap/bin

Yarn version: 
  1.22.17

Node version: 
  16.13.2

Platform: 
  linux x64

Trace: 
  Error: read ECONNRESET
      at TLSWrap.onStreamRead (node:internal/stream_base_commons:220:20)

npm manifest: 
  {
    "name": "ticket_reservation",
    "version": "1.0.0",
    "description": "API for a ticket reservation in a cinema room",
    "main": "server.js",
    "scripts": {
      "test": "echo \"Error: no test specified\" && exit 1"
    },
    "author": "Poseidon",
    "license": "ISC",
    "dependencies": {
      "bcrypt": "^5.0.1",
      "dotenv": "^16.0.0",
      "express": "^4.17.3",
      "jsonwebtoken": "^8.5.1",
      "mariadb": "^3.0.0",
      "moment": "^2.29.2",
      "multer": "^1.4.4",
      "node-twig": "^1.2.0",
      "nodemailer": "^6.7.5",
      "pg": "^8.7.3",
      "sequelize": "^6.19.0",
      "stripe": "^9.2.0",
      "twig": "^1.15.4"
    }
  }

yarn manifest: 
  No manifest

Lockfile: 
  No lockfile
